Analysis & Synthesis report for turbo_encoder
Thu Oct 25 11:54:31 2018
Quartus Prime Version 17.1.0 Build 590 10/25/2017 SJ Lite Edition


---------------------
; Table of Contents ;
---------------------
  1. Legal Notice
  2. Analysis & Synthesis Summary
  3. Analysis & Synthesis Settings
  4. Parallel Compilation
  5. Analysis & Synthesis Source Files Read
  6. Analysis & Synthesis Resource Usage Summary
  7. Analysis & Synthesis Resource Utilization by Entity
  8. Analysis & Synthesis IP Cores Summary
  9. State Machine - |turbo_encoder|curr_state
 10. User-Specified and Inferred Latches
 11. Registers Removed During Synthesis
 12. General Register Statistics
 13. Multiplexer Restructuring Statistics (Restructuring Performed)
 14. Parameter Settings for User Entity Instance: encoder_module:encoder_module0|shiftreg:sft0|lpm_shiftreg:LPM_SHIFTREG_component
 15. Parameter Settings for User Entity Instance: encoder_module:encoder_module1|shiftreg:sft0|lpm_shiftreg:LPM_SHIFTREG_component
 16. Parameter Settings for User Entity Instance: shiftreg:sft0|lpm_shiftreg:LPM_SHIFTREG_component
 17. Parameter Settings for User Entity Instance: shiftreg:sft1|lpm_shiftreg:LPM_SHIFTREG_component
 18. Parameter Settings for User Entity Instance: shiftreg:sft2|lpm_shiftreg:LPM_SHIFTREG_component
 19. Parameter Settings for User Entity Instance: shiftreg:sft3|lpm_shiftreg:LPM_SHIFTREG_component
 20. lpm_shiftreg Parameter Settings by Entity Instance
 21. Port Connectivity Checks: "encoder_module:encoder_module0|shiftreg:sft0"
 22. Post-Synthesis Netlist Statistics for Top Partition
 23. Elapsed Time Per Partition
 24. Analysis & Synthesis Messages



----------------
; Legal Notice ;
----------------
Copyright (C) 2017  Intel Corporation. All rights reserved.
Your use of Intel Corporation's design tools, logic functions 
and other software and tools, and its AMPP partner logic 
functions, and any output files from any of the foregoing 
(including device programming or simulation files), and any 
associated documentation or information are expressly subject 
to the terms and conditions of the Intel Program License 
Subscription Agreement, the Intel Quartus Prime License Agreement,
the Intel FPGA IP License Agreement, or other applicable license
agreement, including, without limitation, that your use is for
the sole purpose of programming logic devices manufactured by
Intel and sold by Intel or its authorized distributors.  Please
refer to the applicable agreement for further details.



+----------------------------------------------------------------------------------+
; Analysis & Synthesis Summary                                                     ;
+------------------------------------+---------------------------------------------+
; Analysis & Synthesis Status        ; Successful - Thu Oct 25 11:54:31 2018       ;
; Quartus Prime Version              ; 17.1.0 Build 590 10/25/2017 SJ Lite Edition ;
; Revision Name                      ; turbo_encoder                               ;
; Top-level Entity Name              ; turbo_encoder                               ;
; Family                             ; Cyclone IV E                                ;
; Total logic elements               ; 55                                          ;
;     Total combinational functions  ; 55                                          ;
;     Dedicated logic registers      ; 31                                          ;
; Total registers                    ; 31                                          ;
; Total pins                         ; 6                                           ;
; Total virtual pins                 ; 0                                           ;
; Total memory bits                  ; 0                                           ;
; Embedded Multiplier 9-bit elements ; 0                                           ;
; Total PLLs                         ; 0                                           ;
+------------------------------------+---------------------------------------------+


+----------------------------------------------------------------------------------------------------------------------+
; Analysis & Synthesis Settings                                                                                        ;
+----------------------------------------------------------------------------+--------------------+--------------------+
; Option                                                                     ; Setting            ; Default Value      ;
+----------------------------------------------------------------------------+--------------------+--------------------+
; Device                                                                     ; EP4CE22F17C6       ;                    ;
; Top-level entity name                                                      ; turbo_encoder      ; turbo_encoder      ;
; Family name                                                                ; Cyclone IV E       ; Cyclone V          ;
; Use smart compilation                                                      ; Off                ; Off                ;
; Enable parallel Assembler and TimeQuest Timing Analyzer during compilation ; On                 ; On                 ;
; Enable compact report table                                                ; Off                ; Off                ;
; Restructure Multiplexers                                                   ; Auto               ; Auto               ;
; Create Debugging Nodes for IP Cores                                        ; Off                ; Off                ;
; Preserve fewer node names                                                  ; On                 ; On                 ;
; Intel FPGA IP Evaluation Mode                                              ; Enable             ; Enable             ;
; Verilog Version                                                            ; Verilog_2001       ; Verilog_2001       ;
; VHDL Version                                                               ; VHDL_1993          ; VHDL_1993          ;
; State Machine Processing                                                   ; Auto               ; Auto               ;
; Safe State Machine                                                         ; Off                ; Off                ;
; Extract Verilog State Machines                                             ; On                 ; On                 ;
; Extract VHDL State Machines                                                ; On                 ; On                 ;
; Ignore Verilog initial constructs                                          ; Off                ; Off                ;
; Iteration limit for constant Verilog loops                                 ; 5000               ; 5000               ;
; Iteration limit for non-constant Verilog loops                             ; 250                ; 250                ;
; Add Pass-Through Logic to Inferred RAMs                                    ; On                 ; On                 ;
; Infer RAMs from Raw Logic                                                  ; On                 ; On                 ;
; Parallel Synthesis                                                         ; On                 ; On                 ;
; DSP Block Balancing                                                        ; Auto               ; Auto               ;
; NOT Gate Push-Back                                                         ; On                 ; On                 ;
; Power-Up Don't Care                                                        ; On                 ; On                 ;
; Remove Redundant Logic Cells                                               ; Off                ; Off                ;
; Remove Duplicate Registers                                                 ; On                 ; On                 ;
; Ignore CARRY Buffers                                                       ; Off                ; Off                ;
; Ignore CASCADE Buffers                                                     ; Off                ; Off                ;
; Ignore GLOBAL Buffers                                                      ; Off                ; Off                ;
; Ignore ROW GLOBAL Buffers                                                  ; Off                ; Off                ;
; Ignore LCELL Buffers                                                       ; Off                ; Off                ;
; Ignore SOFT Buffers                                                        ; On                 ; On                 ;
; Limit AHDL Integers to 32 Bits                                             ; Off                ; Off                ;
; Optimization Technique                                                     ; Balanced           ; Balanced           ;
; Carry Chain Length                                                         ; 70                 ; 70                 ;
; Auto Carry Chains                                                          ; On                 ; On                 ;
; Auto Open-Drain Pins                                                       ; On                 ; On                 ;
; Perform WYSIWYG Primitive Resynthesis                                      ; Off                ; Off                ;
; Auto ROM Replacement                                                       ; On                 ; On                 ;
; Auto RAM Replacement                                                       ; On                 ; On                 ;
; Auto DSP Block Replacement                                                 ; On                 ; On                 ;
; Auto Shift Register Replacement                                            ; Auto               ; Auto               ;
; Allow Shift Register Merging across Hierarchies                            ; Auto               ; Auto               ;
; Auto Clock Enable Replacement                                              ; On                 ; On                 ;
; Strict RAM Replacement                                                     ; Off                ; Off                ;
; Allow Synchronous Control Signals                                          ; On                 ; On                 ;
; Force Use of Synchronous Clear Signals                                     ; Off                ; Off                ;
; Auto RAM Block Balancing                                                   ; On                 ; On                 ;
; Auto RAM to Logic Cell Conversion                                          ; Off                ; Off                ;
; Auto Resource Sharing                                                      ; Off                ; Off                ;
; Allow Any RAM Size For Recognition                                         ; Off                ; Off                ;
; Allow Any ROM Size For Recognition                                         ; Off                ; Off                ;
; Allow Any Shift Register Size For Recognition                              ; Off                ; Off                ;
; Use LogicLock Constraints during Resource Balancing                        ; On                 ; On                 ;
; Ignore translate_off and synthesis_off directives                          ; Off                ; Off                ;
; Timing-Driven Synthesis                                                    ; On                 ; On                 ;
; Report Parameter Settings                                                  ; On                 ; On                 ;
; Report Source Assignments                                                  ; On                 ; On                 ;
; Report Connectivity Checks                                                 ; On                 ; On                 ;
; Ignore Maximum Fan-Out Assignments                                         ; Off                ; Off                ;
; Synchronization Register Chain Length                                      ; 2                  ; 2                  ;
; Power Optimization During Synthesis                                        ; Normal compilation ; Normal compilation ;
; HDL message level                                                          ; Level2             ; Level2             ;
; Suppress Register Optimization Related Messages                            ; Off                ; Off                ;
; Number of Removed Registers Reported in Synthesis Report                   ; 5000               ; 5000               ;
; Number of Swept Nodes Reported in Synthesis Report                         ; 5000               ; 5000               ;
; Number of Inverted Registers Reported in Synthesis Report                  ; 100                ; 100                ;
; Clock MUX Protection                                                       ; On                 ; On                 ;
; Auto Gated Clock Conversion                                                ; Off                ; Off                ;
; Block Design Naming                                                        ; Auto               ; Auto               ;
; SDC constraint protection                                                  ; Off                ; Off                ;
; Synthesis Effort                                                           ; Auto               ; Auto               ;
; Shift Register Replacement - Allow Asynchronous Clear Signal               ; On                 ; On                 ;
; Pre-Mapping Resynthesis Optimization                                       ; Off                ; Off                ;
; Analysis & Synthesis Message Level                                         ; Medium             ; Medium             ;
; Disable Register Merging Across Hierarchies                                ; Auto               ; Auto               ;
; Resource Aware Inference For Block RAM                                     ; On                 ; On                 ;
+----------------------------------------------------------------------------+--------------------+--------------------+


+------------------------------------------+
; Parallel Compilation                     ;
+----------------------------+-------------+
; Processors                 ; Number      ;
+----------------------------+-------------+
; Number detected on machine ; 4           ;
; Maximum allowed            ; 2           ;
;                            ;             ;
; Average used               ; 1.00        ;
; Maximum used               ; 2           ;
;                            ;             ;
; Usage by Processor         ; % Time Used ;
;     Processor 1            ; 100.0%      ;
;     Processor 2            ;   0.0%      ;
+----------------------------+-------------+


+----------------------------------------------------------------------------------------------------------------------------------------------------------------------+
; Analysis & Synthesis Source Files Read                                                                                                                               ;
+----------------------------------+-----------------+-----------------------------+-------------------------------------------------------------------------+---------+
; File Name with User-Entered Path ; Used in Netlist ; File Type                   ; File Name with Absolute Path                                            ; Library ;
+----------------------------------+-----------------+-----------------------------+-------------------------------------------------------------------------+---------+
; encoder_module.vhd               ; yes             ; User VHDL File              ; E:/Git/GitHub-Documents/ECE-559/ECE-559-Group-3/code/encoder_module.vhd ;         ;
; turbo_encoder.vhd                ; yes             ; User VHDL File              ; E:/Git/GitHub-Documents/ECE-559/ECE-559-Group-3/code/turbo_encoder.vhd  ;         ;
; shiftreg.vhd                     ; yes             ; User Wizard-Generated File  ; E:/Git/GitHub-Documents/ECE-559/ECE-559-Group-3/code/shiftreg.vhd       ;         ;
; lpm_shiftreg.tdf                 ; yes             ; Megafunction                ; e:/quartus_prime/quartus/libraries/megafunctions/lpm_shiftreg.tdf       ;         ;
; lpm_constant.inc                 ; yes             ; Megafunction                ; e:/quartus_prime/quartus/libraries/megafunctions/lpm_constant.inc       ;         ;
; dffeea.inc                       ; yes             ; Megafunction                ; e:/quartus_prime/quartus/libraries/megafunctions/dffeea.inc             ;         ;
; aglobal171.inc                   ; yes             ; Megafunction                ; e:/quartus_prime/quartus/libraries/megafunctions/aglobal171.inc         ;         ;
+----------------------------------+-----------------+-----------------------------+-------------------------------------------------------------------------+---------+


+-----------------------------------------------------------+
; Analysis & Synthesis Resource Usage Summary               ;
+---------------------------------------------+-------------+
; Resource                                    ; Usage       ;
+---------------------------------------------+-------------+
; Estimated Total logic elements              ; 55          ;
;                                             ;             ;
; Total combinational functions               ; 55          ;
; Logic element usage by number of LUT inputs ;             ;
;     -- 4 input functions                    ; 17          ;
;     -- 3 input functions                    ; 9           ;
;     -- <=2 input functions                  ; 29          ;
;                                             ;             ;
; Logic elements by mode                      ;             ;
;     -- normal mode                          ; 43          ;
;     -- arithmetic mode                      ; 12          ;
;                                             ;             ;
; Total registers                             ; 31          ;
;     -- Dedicated logic registers            ; 31          ;
;     -- I/O registers                        ; 0           ;
;                                             ;             ;
; I/O pins                                    ; 6           ;
;                                             ;             ;
; Embedded Multiplier 9-bit elements          ; 0           ;
;                                             ;             ;
; Maximum fan-out node                        ; clock~input ;
; Maximum fan-out                             ; 23          ;
; Total fan-out                               ; 246         ;
; Average fan-out                             ; 2.51        ;
+---------------------------------------------+-------------+


+-------------------------------------------------------------------------------------------------------------------------------------------------------------------------------------------------------------------------------------------------------------------------------------------------------------+
; Analysis & Synthesis Resource Utilization by Entity                                                                                                                                                                                                                                                         ;
+------------------------------------------------+---------------------+---------------------------+-------------+--------------+---------+-----------+------+--------------+-------------------------------------------------------------------------------------------------+----------------+--------------+
; Compilation Hierarchy Node                     ; Combinational ALUTs ; Dedicated Logic Registers ; Memory Bits ; DSP Elements ; DSP 9x9 ; DSP 18x18 ; Pins ; Virtual Pins ; Full Hierarchy Name                                                                             ; Entity Name    ; Library Name ;
+------------------------------------------------+---------------------+---------------------------+-------------+--------------+---------+-----------+------+--------------+-------------------------------------------------------------------------------------------------+----------------+--------------+
; |turbo_encoder                                 ; 55 (42)             ; 31 (19)                   ; 0           ; 0            ; 0       ; 0         ; 6    ; 0            ; |turbo_encoder                                                                                  ; turbo_encoder  ; work         ;
;    |encoder_module:encoder_module0|            ; 4 (2)               ; 3 (0)                     ; 0           ; 0            ; 0       ; 0         ; 0    ; 0            ; |turbo_encoder|encoder_module:encoder_module0                                                   ; encoder_module ; work         ;
;       |shiftreg:sft0|                          ; 2 (0)               ; 3 (0)                     ; 0           ; 0            ; 0       ; 0         ; 0    ; 0            ; |turbo_encoder|encoder_module:encoder_module0|shiftreg:sft0                                     ; shiftreg       ; work         ;
;          |lpm_shiftreg:LPM_SHIFTREG_component| ; 2 (2)               ; 3 (3)                     ; 0           ; 0            ; 0       ; 0         ; 0    ; 0            ; |turbo_encoder|encoder_module:encoder_module0|shiftreg:sft0|lpm_shiftreg:LPM_SHIFTREG_component ; lpm_shiftreg   ; work         ;
;    |shiftreg:sft0|                             ; 3 (0)               ; 3 (0)                     ; 0           ; 0            ; 0       ; 0         ; 0    ; 0            ; |turbo_encoder|shiftreg:sft0                                                                    ; shiftreg       ; work         ;
;       |lpm_shiftreg:LPM_SHIFTREG_component|    ; 3 (3)               ; 3 (3)                     ; 0           ; 0            ; 0       ; 0         ; 0    ; 0            ; |turbo_encoder|shiftreg:sft0|lpm_shiftreg:LPM_SHIFTREG_component                                ; lpm_shiftreg   ; work         ;
;    |shiftreg:sft1|                             ; 3 (0)               ; 3 (0)                     ; 0           ; 0            ; 0       ; 0         ; 0    ; 0            ; |turbo_encoder|shiftreg:sft1                                                                    ; shiftreg       ; work         ;
;       |lpm_shiftreg:LPM_SHIFTREG_component|    ; 3 (3)               ; 3 (3)                     ; 0           ; 0            ; 0       ; 0         ; 0    ; 0            ; |turbo_encoder|shiftreg:sft1|lpm_shiftreg:LPM_SHIFTREG_component                                ; lpm_shiftreg   ; work         ;
;    |shiftreg:sft3|                             ; 3 (0)               ; 3 (0)                     ; 0           ; 0            ; 0       ; 0         ; 0    ; 0            ; |turbo_encoder|shiftreg:sft3                                                                    ; shiftreg       ; work         ;
;       |lpm_shiftreg:LPM_SHIFTREG_component|    ; 3 (3)               ; 3 (3)                     ; 0           ; 0            ; 0       ; 0         ; 0    ; 0            ; |turbo_encoder|shiftreg:sft3|lpm_shiftreg:LPM_SHIFTREG_component                                ; lpm_shiftreg   ; work         ;
+------------------------------------------------+---------------------+---------------------------+-------------+--------------+---------+-----------+------+--------------+-------------------------------------------------------------------------------------------------+----------------+--------------+
Note: For table entries with two numbers listed, the numbers in parentheses indicate the number of resources of the given type used by the specific entity alone. The numbers listed outside of parentheses indicate the total resources of the given type used by the specific entity and all of its sub-entities in the hierarchy.


+-----------------------------------------------------------------------------------------------------------------------------------------------+
; Analysis & Synthesis IP Cores Summary                                                                                                         ;
+--------+--------------+---------+--------------+--------------+-------------------------------------------------------------+-----------------+
; Vendor ; IP Core Name ; Version ; Release Date ; License Type ; Entity Instance                                             ; IP Include File ;
+--------+--------------+---------+--------------+--------------+-------------------------------------------------------------+-----------------+
; Altera ; LPM_SHIFTREG ; 17.1    ; N/A          ; N/A          ; |turbo_encoder|encoder_module:encoder_module0|shiftreg:sft0 ; shiftreg.vhd    ;
; Altera ; LPM_SHIFTREG ; 17.1    ; N/A          ; N/A          ; |turbo_encoder|encoder_module:encoder_module1|shiftreg:sft0 ; shiftreg.vhd    ;
; Altera ; LPM_SHIFTREG ; 17.1    ; N/A          ; N/A          ; |turbo_encoder|shiftreg:sft0                                ; shiftreg.vhd    ;
; Altera ; LPM_SHIFTREG ; 17.1    ; N/A          ; N/A          ; |turbo_encoder|shiftreg:sft1                                ; shiftreg.vhd    ;
; Altera ; LPM_SHIFTREG ; 17.1    ; N/A          ; N/A          ; |turbo_encoder|shiftreg:sft2                                ; shiftreg.vhd    ;
; Altera ; LPM_SHIFTREG ; 17.1    ; N/A          ; N/A          ; |turbo_encoder|shiftreg:sft3                                ; shiftreg.vhd    ;
+--------+--------------+---------+--------------+--------------+-------------------------------------------------------------+-----------------+


Encoding Type:  One-Hot
+---------------------------------------------------------------------------------------------------------------------------------------+
; State Machine - |turbo_encoder|curr_state                                                                                             ;
+-------------------+-------------------+-------------------+-------------------+-------------------+-----------------+-----------------+
; Name              ; curr_state.term_3 ; curr_state.term_2 ; curr_state.term_1 ; curr_state.term_0 ; curr_state.idle ; curr_state.norm ;
+-------------------+-------------------+-------------------+-------------------+-------------------+-----------------+-----------------+
; curr_state.norm   ; 0                 ; 0                 ; 0                 ; 0                 ; 0               ; 0               ;
; curr_state.idle   ; 0                 ; 0                 ; 0                 ; 0                 ; 1               ; 1               ;
; curr_state.term_0 ; 0                 ; 0                 ; 0                 ; 1                 ; 0               ; 1               ;
; curr_state.term_1 ; 0                 ; 0                 ; 1                 ; 0                 ; 0               ; 1               ;
; curr_state.term_2 ; 0                 ; 1                 ; 0                 ; 0                 ; 0               ; 1               ;
; curr_state.term_3 ; 1                 ; 0                 ; 0                 ; 0                 ; 0               ; 1               ;
+-------------------+-------------------+-------------------+-------------------+-------------------+-----------------+-----------------+


+---------------------------------------------------------------------------------------------------+
; User-Specified and Inferred Latches                                                               ;
+----------------------------------------------------+---------------------+------------------------+
; Latch Name                                         ; Latch Enable Signal ; Free of Timing Hazards ;
+----------------------------------------------------+---------------------+------------------------+
; wr_en                                              ; curr_state.norm     ; yes                    ;
; Number of user-specified and inferred latches = 1  ;                     ;                        ;
+----------------------------------------------------+---------------------+------------------------+
Note: All latches listed above may not be present at the end of synthesis due to various synthesis optimizations.


+-------------------------------------------------------------------------------------------------------------------------------------------------------------------------------------------------+
; Registers Removed During Synthesis                                                                                                                                                              ;
+------------------------------------------------------------------------------------------+------------------------------------------------------------------------------------------------------+
; Register name                                                                            ; Reason for Removal                                                                                   ;
+------------------------------------------------------------------------------------------+------------------------------------------------------------------------------------------------------+
; shiftreg:sft2|lpm_shiftreg:LPM_SHIFTREG_component|dffs[1]                                ; Merged with shiftreg:sft1|lpm_shiftreg:LPM_SHIFTREG_component|dffs[1]                                ;
; encoder_module:encoder_module1|shiftreg:sft0|lpm_shiftreg:LPM_SHIFTREG_component|dffs[1] ; Merged with encoder_module:encoder_module0|shiftreg:sft0|lpm_shiftreg:LPM_SHIFTREG_component|dffs[1] ;
; encoder_module:encoder_module1|shiftreg:sft0|lpm_shiftreg:LPM_SHIFTREG_component|dffs[0] ; Merged with encoder_module:encoder_module0|shiftreg:sft0|lpm_shiftreg:LPM_SHIFTREG_component|dffs[0] ;
; encoder_module:encoder_module1|shiftreg:sft0|lpm_shiftreg:LPM_SHIFTREG_component|dffs[2] ; Merged with encoder_module:encoder_module0|shiftreg:sft0|lpm_shiftreg:LPM_SHIFTREG_component|dffs[2] ;
; shiftreg:sft2|lpm_shiftreg:LPM_SHIFTREG_component|dffs[0]                                ; Merged with shiftreg:sft1|lpm_shiftreg:LPM_SHIFTREG_component|dffs[0]                                ;
; shiftreg:sft2|lpm_shiftreg:LPM_SHIFTREG_component|dffs[2]                                ; Merged with shiftreg:sft1|lpm_shiftreg:LPM_SHIFTREG_component|dffs[2]                                ;
; Total Number of Removed Registers = 6                                                    ;                                                                                                      ;
+------------------------------------------------------------------------------------------+------------------------------------------------------------------------------------------------------+


+------------------------------------------------------+
; General Register Statistics                          ;
+----------------------------------------------+-------+
; Statistic                                    ; Value ;
+----------------------------------------------+-------+
; Total registers                              ; 31    ;
; Number of registers using Synchronous Clear  ; 15    ;
; Number of registers using Synchronous Load   ; 0     ;
; Number of registers using Asynchronous Clear ; 0     ;
; Number of registers using Asynchronous Load  ; 0     ;
; Number of registers using Clock Enable       ; 9     ;
; Number of registers using Preset             ; 0     ;
+----------------------------------------------+-------+


+------------------------------------------------------------------------------------------------------------------------------------------+
; Multiplexer Restructuring Statistics (Restructuring Performed)                                                                           ;
+--------------------+-----------+---------------+----------------------+------------------------+------------+----------------------------+
; Multiplexer Inputs ; Bus Width ; Baseline Area ; Area if Restructured ; Saving if Restructured ; Registered ; Example Multiplexer Output ;
+--------------------+-----------+---------------+----------------------+------------------------+------------+----------------------------+
; 3:1                ; 13 bits   ; 26 LEs        ; 13 LEs               ; 13 LEs                 ; Yes        ; |turbo_encoder|counter[12] ;
; 6:1                ; 2 bits    ; 8 LEs         ; 6 LEs                ; 2 LEs                  ; No         ; |turbo_encoder|Selector5   ;
+--------------------+-----------+---------------+----------------------+------------------------+------------+----------------------------+


+-------------------------------------------------------------------------------------------------------------------------------+
; Parameter Settings for User Entity Instance: encoder_module:encoder_module0|shiftreg:sft0|lpm_shiftreg:LPM_SHIFTREG_component ;
+------------------------+--------------+---------------------------------------------------------------------------------------+
; Parameter Name         ; Value        ; Type                                                                                  ;
+------------------------+--------------+---------------------------------------------------------------------------------------+
; LPM_WIDTH              ; 3            ; Signed Integer                                                                        ;
; LPM_DIRECTION          ; RIGHT        ; Untyped                                                                               ;
; LPM_AVALUE             ; UNUSED       ; Untyped                                                                               ;
; LPM_SVALUE             ; UNUSED       ; Untyped                                                                               ;
; DEVICE_FAMILY          ; Cyclone IV E ; Untyped                                                                               ;
; AUTO_CARRY_CHAINS      ; ON           ; AUTO_CARRY                                                                            ;
; IGNORE_CARRY_BUFFERS   ; OFF          ; IGNORE_CARRY                                                                          ;
; AUTO_CASCADE_CHAINS    ; ON           ; AUTO_CASCADE                                                                          ;
; IGNORE_CASCADE_BUFFERS ; OFF          ; IGNORE_CASCADE                                                                        ;
+------------------------+--------------+---------------------------------------------------------------------------------------+
Note: In order to hide this table in the UI and the text report file, please set the "Show Parameter Settings in Synthesis Report" option in "Analysis and Synthesis Settings -> More Settings" to "Off".


+-------------------------------------------------------------------------------------------------------------------------------+
; Parameter Settings for User Entity Instance: encoder_module:encoder_module1|shiftreg:sft0|lpm_shiftreg:LPM_SHIFTREG_component ;
+------------------------+--------------+---------------------------------------------------------------------------------------+
; Parameter Name         ; Value        ; Type                                                                                  ;
+------------------------+--------------+---------------------------------------------------------------------------------------+
; LPM_WIDTH              ; 3            ; Signed Integer                                                                        ;
; LPM_DIRECTION          ; RIGHT        ; Untyped                                                                               ;
; LPM_AVALUE             ; UNUSED       ; Untyped                                                                               ;
; LPM_SVALUE             ; UNUSED       ; Untyped                                                                               ;
; DEVICE_FAMILY          ; Cyclone IV E ; Untyped                                                                               ;
; AUTO_CARRY_CHAINS      ; ON           ; AUTO_CARRY                                                                            ;
; IGNORE_CARRY_BUFFERS   ; OFF          ; IGNORE_CARRY                                                                          ;
; AUTO_CASCADE_CHAINS    ; ON           ; AUTO_CASCADE                                                                          ;
; IGNORE_CASCADE_BUFFERS ; OFF          ; IGNORE_CASCADE                                                                        ;
+------------------------+--------------+---------------------------------------------------------------------------------------+
Note: In order to hide this table in the UI and the text report file, please set the "Show Parameter Settings in Synthesis Report" option in "Analysis and Synthesis Settings -> More Settings" to "Off".


+------------------------------------------------------------------------------------------------+
; Parameter Settings for User Entity Instance: shiftreg:sft0|lpm_shiftreg:LPM_SHIFTREG_component ;
+------------------------+--------------+--------------------------------------------------------+
; Parameter Name         ; Value        ; Type                                                   ;
+------------------------+--------------+--------------------------------------------------------+
; LPM_WIDTH              ; 3            ; Signed Integer                                         ;
; LPM_DIRECTION          ; RIGHT        ; Untyped                                                ;
; LPM_AVALUE             ; UNUSED       ; Untyped                                                ;
; LPM_SVALUE             ; UNUSED       ; Untyped                                                ;
; DEVICE_FAMILY          ; Cyclone IV E ; Untyped                                                ;
; AUTO_CARRY_CHAINS      ; ON           ; AUTO_CARRY                                             ;
; IGNORE_CARRY_BUFFERS   ; OFF          ; IGNORE_CARRY                                           ;
; AUTO_CASCADE_CHAINS    ; ON           ; AUTO_CASCADE                                           ;
; IGNORE_CASCADE_BUFFERS ; OFF          ; IGNORE_CASCADE                                         ;
+------------------------+--------------+--------------------------------------------------------+
Note: In order to hide this table in the UI and the text report file, please set the "Show Parameter Settings in Synthesis Report" option in "Analysis and Synthesis Settings -> More Settings" to "Off".


+------------------------------------------------------------------------------------------------+
; Parameter Settings for User Entity Instance: shiftreg:sft1|lpm_shiftreg:LPM_SHIFTREG_component ;
+------------------------+--------------+--------------------------------------------------------+
; Parameter Name         ; Value        ; Type                                                   ;
+------------------------+--------------+--------------------------------------------------------+
; LPM_WIDTH              ; 3            ; Signed Integer                                         ;
; LPM_DIRECTION          ; RIGHT        ; Untyped                                                ;
; LPM_AVALUE             ; UNUSED       ; Untyped                                                ;
; LPM_SVALUE             ; UNUSED       ; Untyped                                                ;
; DEVICE_FAMILY          ; Cyclone IV E ; Untyped                                                ;
; AUTO_CARRY_CHAINS      ; ON           ; AUTO_CARRY                                             ;
; IGNORE_CARRY_BUFFERS   ; OFF          ; IGNORE_CARRY                                           ;
; AUTO_CASCADE_CHAINS    ; ON           ; AUTO_CASCADE                                           ;
; IGNORE_CASCADE_BUFFERS ; OFF          ; IGNORE_CASCADE                                         ;
+------------------------+--------------+--------------------------------------------------------+
Note: In order to hide this table in the UI and the text report file, please set the "Show Parameter Settings in Synthesis Report" option in "Analysis and Synthesis Settings -> More Settings" to "Off".


+------------------------------------------------------------------------------------------------+
; Parameter Settings for User Entity Instance: shiftreg:sft2|lpm_shiftreg:LPM_SHIFTREG_component ;
+------------------------+--------------+--------------------------------------------------------+
; Parameter Name         ; Value        ; Type                                                   ;
+------------------------+--------------+--------------------------------------------------------+
; LPM_WIDTH              ; 3            ; Signed Integer                                         ;
; LPM_DIRECTION          ; RIGHT        ; Untyped                                                ;
; LPM_AVALUE             ; UNUSED       ; Untyped                                                ;
; LPM_SVALUE             ; UNUSED       ; Untyped                                                ;
; DEVICE_FAMILY          ; Cyclone IV E ; Untyped                                                ;
; AUTO_CARRY_CHAINS      ; ON           ; AUTO_CARRY                                             ;
; IGNORE_CARRY_BUFFERS   ; OFF          ; IGNORE_CARRY                                           ;
; AUTO_CASCADE_CHAINS    ; ON           ; AUTO_CASCADE                                           ;
; IGNORE_CASCADE_BUFFERS ; OFF          ; IGNORE_CASCADE                                         ;
+------------------------+--------------+--------------------------------------------------------+
Note: In order to hide this table in the UI and the text report file, please set the "Show Parameter Settings in Synthesis Report" option in "Analysis and Synthesis Settings -> More Settings" to "Off".


+------------------------------------------------------------------------------------------------+
; Parameter Settings for User Entity Instance: shiftreg:sft3|lpm_shiftreg:LPM_SHIFTREG_component ;
+------------------------+--------------+--------------------------------------------------------+
; Parameter Name         ; Value        ; Type                                                   ;
+------------------------+--------------+--------------------------------------------------------+
; LPM_WIDTH              ; 3            ; Signed Integer                                         ;
; LPM_DIRECTION          ; RIGHT        ; Untyped                                                ;
; LPM_AVALUE             ; UNUSED       ; Untyped                                                ;
; LPM_SVALUE             ; UNUSED       ; Untyped                                                ;
; DEVICE_FAMILY          ; Cyclone IV E ; Untyped                                                ;
; AUTO_CARRY_CHAINS      ; ON           ; AUTO_CARRY                                             ;
; IGNORE_CARRY_BUFFERS   ; OFF          ; IGNORE_CARRY                                           ;
; AUTO_CASCADE_CHAINS    ; ON           ; AUTO_CASCADE                                           ;
; IGNORE_CASCADE_BUFFERS ; OFF          ; IGNORE_CASCADE                                         ;
+------------------------+--------------+--------------------------------------------------------+
Note: In order to hide this table in the UI and the text report file, please set the "Show Parameter Settings in Synthesis Report" option in "Analysis and Synthesis Settings -> More Settings" to "Off".


+---------------------------------------------------------------------------------------------------------------+
; lpm_shiftreg Parameter Settings by Entity Instance                                                            ;
+----------------------------+----------------------------------------------------------------------------------+
; Name                       ; Value                                                                            ;
+----------------------------+----------------------------------------------------------------------------------+
; Number of entity instances ; 6                                                                                ;
; Entity Instance            ; encoder_module:encoder_module0|shiftreg:sft0|lpm_shiftreg:LPM_SHIFTREG_component ;
;     -- LPM_WIDTH           ; 3                                                                                ;
;     -- LPM_DIRECTION       ; RIGHT                                                                            ;
; Entity Instance            ; encoder_module:encoder_module1|shiftreg:sft0|lpm_shiftreg:LPM_SHIFTREG_component ;
;     -- LPM_WIDTH           ; 3                                                                                ;
;     -- LPM_DIRECTION       ; RIGHT                                                                            ;
; Entity Instance            ; shiftreg:sft0|lpm_shiftreg:LPM_SHIFTREG_component                                ;
;     -- LPM_WIDTH           ; 3                                                                                ;
;     -- LPM_DIRECTION       ; RIGHT                                                                            ;
; Entity Instance            ; shiftreg:sft1|lpm_shiftreg:LPM_SHIFTREG_component                                ;
;     -- LPM_WIDTH           ; 3                                                                                ;
;     -- LPM_DIRECTION       ; RIGHT                                                                            ;
; Entity Instance            ; shiftreg:sft2|lpm_shiftreg:LPM_SHIFTREG_component                                ;
;     -- LPM_WIDTH           ; 3                                                                                ;
;     -- LPM_DIRECTION       ; RIGHT                                                                            ;
; Entity Instance            ; shiftreg:sft3|lpm_shiftreg:LPM_SHIFTREG_component                                ;
;     -- LPM_WIDTH           ; 3                                                                                ;
;     -- LPM_DIRECTION       ; RIGHT                                                                            ;
+----------------------------+----------------------------------------------------------------------------------+


+--------------------------------------------------------------------------+
; Port Connectivity Checks: "encoder_module:encoder_module0|shiftreg:sft0" ;
+--------+-------+----------+----------------------------------------------+
; Port   ; Type  ; Severity ; Details                                      ;
+--------+-------+----------+----------------------------------------------+
; enable ; Input ; Info     ; Stuck at VCC                                 ;
+--------+-------+----------+----------------------------------------------+


+-----------------------------------------------------+
; Post-Synthesis Netlist Statistics for Top Partition ;
+-----------------------+-----------------------------+
; Type                  ; Count                       ;
+-----------------------+-----------------------------+
; boundary_port         ; 6                           ;
; cycloneiii_ff         ; 31                          ;
;     ENA               ; 9                           ;
;     SCLR              ; 15                          ;
;     plain             ; 7                           ;
; cycloneiii_lcell_comb ; 55                          ;
;     arith             ; 12                          ;
;         2 data inputs ; 12                          ;
;     normal            ; 43                          ;
;         1 data inputs ; 1                           ;
;         2 data inputs ; 16                          ;
;         3 data inputs ; 9                           ;
;         4 data inputs ; 17                          ;
;                       ;                             ;
; Max LUT depth         ; 5.00                        ;
; Average LUT depth     ; 2.66                        ;
+-----------------------+-----------------------------+


+-------------------------------+
; Elapsed Time Per Partition    ;
+----------------+--------------+
; Partition Name ; Elapsed Time ;
+----------------+--------------+
; Top            ; 00:00:01     ;
+----------------+--------------+


+-------------------------------+
; Analysis & Synthesis Messages ;
+-------------------------------+
Info: *******************************************************************
Info: Running Quartus Prime Analysis & Synthesis
    Info: Version 17.1.0 Build 590 10/25/2017 SJ Lite Edition
    Info: Processing started: Thu Oct 25 11:54:13 2018
Info: Command: quartus_map --read_settings_files=on --write_settings_files=off turbo_encoder -c turbo_encoder
Warning (18236): Number of processors has not been specified which may cause overloading on shared machines.  Set the global assignment NUM_PARALLEL_PROCESSORS in your QSF to an appropriate value for best performance.
Info (20030): Parallel compilation is enabled and will use 2 of the 2 processors detected
Info (12021): Found 2 design units, including 1 entities, in source file encoder_module.vhd
    Info (12022): Found design unit 1: encoder_module-arc File: E:/Git/GitHub-Documents/ECE-559/ECE-559-Group-3/code/encoder_module.vhd Line: 17
    Info (12023): Found entity 1: encoder_module File: E:/Git/GitHub-Documents/ECE-559/ECE-559-Group-3/code/encoder_module.vhd Line: 7
Info (12021): Found 2 design units, including 1 entities, in source file turbo_encoder.vhd
    Info (12022): Found design unit 1: turbo_encoder-arc File: E:/Git/GitHub-Documents/ECE-559/ECE-559-Group-3/code/turbo_encoder.vhd Line: 18
    Info (12023): Found entity 1: turbo_encoder File: E:/Git/GitHub-Documents/ECE-559/ECE-559-Group-3/code/turbo_encoder.vhd Line: 7
Info (12021): Found 2 design units, including 1 entities, in source file shiftreg.vhd
    Info (12022): Found design unit 1: shiftreg-SYN File: E:/Git/GitHub-Documents/ECE-559/ECE-559-Group-3/code/shiftreg.vhd Line: 54
    Info (12023): Found entity 1: shiftreg File: E:/Git/GitHub-Documents/ECE-559/ECE-559-Group-3/code/shiftreg.vhd Line: 42
Info (12127): Elaborating entity "turbo_encoder" for the top level hierarchy
Warning (10540): VHDL Signal Declaration warning at turbo_encoder.vhd(42): used explicit default value for signal "K" because signal was never assigned a value File: E:/Git/GitHub-Documents/ECE-559/ECE-559-Group-3/code/turbo_encoder.vhd Line: 42
Warning (10036): Verilog HDL or VHDL warning at turbo_encoder.vhd(59): object "rd_en" assigned a value but never read File: E:/Git/GitHub-Documents/ECE-559/ECE-559-Group-3/code/turbo_encoder.vhd Line: 59
Warning (10492): VHDL Process Statement warning at turbo_encoder.vhd(121): signal "K" is read inside the Process Statement but isn't in the Process Statement's sensitivity list File: E:/Git/GitHub-Documents/ECE-559/ECE-559-Group-3/code/turbo_encoder.vhd Line: 121
Warning (10492): VHDL Process Statement warning at turbo_encoder.vhd(127): signal "K" is read inside the Process Statement but isn't in the Process Statement's sensitivity list File: E:/Git/GitHub-Documents/ECE-559/ECE-559-Group-3/code/turbo_encoder.vhd Line: 127
Warning (10631): VHDL Process Statement warning at turbo_encoder.vhd(143): inferring latch(es) for signal or variable "wr_en", which holds its previous value in one or more paths through the process File: E:/Git/GitHub-Documents/ECE-559/ECE-559-Group-3/code/turbo_encoder.vhd Line: 143
Info (10041): Inferred latch for "wr_en" at turbo_encoder.vhd(143) File: E:/Git/GitHub-Documents/ECE-559/ECE-559-Group-3/code/turbo_encoder.vhd Line: 143
Info (12128): Elaborating entity "encoder_module" for hierarchy "encoder_module:encoder_module0" File: E:/Git/GitHub-Documents/ECE-559/ECE-559-Group-3/code/turbo_encoder.vhd Line: 213
Info (12128): Elaborating entity "shiftreg" for hierarchy "encoder_module:encoder_module0|shiftreg:sft0" File: E:/Git/GitHub-Documents/ECE-559/ECE-559-Group-3/code/encoder_module.vhd Line: 40
Info (12128): Elaborating entity "lpm_shiftreg" for hierarchy "encoder_module:encoder_module0|shiftreg:sft0|lpm_shiftreg:LPM_SHIFTREG_component" File: E:/Git/GitHub-Documents/ECE-559/ECE-559-Group-3/code/shiftreg.vhd Line: 78
Info (12130): Elaborated megafunction instantiation "encoder_module:encoder_module0|shiftreg:sft0|lpm_shiftreg:LPM_SHIFTREG_component" File: E:/Git/GitHub-Documents/ECE-559/ECE-559-Group-3/code/shiftreg.vhd Line: 78
Info (12133): Instantiated megafunction "encoder_module:encoder_module0|shiftreg:sft0|lpm_shiftreg:LPM_SHIFTREG_component" with the following parameter: File: E:/Git/GitHub-Documents/ECE-559/ECE-559-Group-3/code/shiftreg.vhd Line: 78
    Info (12134): Parameter "lpm_direction" = "RIGHT"
    Info (12134): Parameter "lpm_type" = "LPM_SHIFTREG"
    Info (12134): Parameter "lpm_width" = "3"
Warning (19016): Clock multiplexers are found and protected
    Warning (19017): Found clock multiplexer Selector0~0 File: E:/Git/GitHub-Documents/ECE-559/ECE-559-Group-3/code/turbo_encoder.vhd Line: 78
Info (286030): Timing-Driven Synthesis is running
Info (16010): Generating hard_block partition "hard_block:auto_generated_inst"
    Info (16011): Adding 0 node(s), including 0 DDIO, 0 PLL, 0 transceiver and 0 LCELL
Info (21057): Implemented 61 device resources after synthesis - the final resource count might be different
    Info (21058): Implemented 3 input pins
    Info (21059): Implemented 3 output pins
    Info (21061): Implemented 55 logic cells
Info: Quartus Prime Analysis & Synthesis was successful. 0 errors, 8 warnings
    Info: Peak virtual memory: 4814 megabytes
    Info: Processing ended: Thu Oct 25 11:54:31 2018
    Info: Elapsed time: 00:00:18
    Info: Total CPU time (on all processors): 00:00:35


